<?xml version="1.0" encoding="UTF-8"?>
<!-- Generated by org.testng.reporters.JUnitXMLReporter -->
<testsuite hostname="LAPTOP-43J61F2D" ignored="0" name="Test" tests="5" failures="1" timestamp="2020-04-30T20:18:11 IST" time="126.951" errors="0">
  <testcase name="loginTest" time="5.734" classname="com.demoaut.newtours.testcases.LoginPageTest"/>
  <testcase name="loginTest" time="5.751" classname="com.demoaut.newtours.testcases.LoginPageTest"/>
  <testcase name="loginTest" time="5.679" classname="com.demoaut.newtours.testcases.LoginPageTest"/>
  <testcase name="validateTitle" time="0.039" classname="com.demoaut.newtours.testcases.MainPageTest"/>
  <testcase name="signupTest" time="1.214" classname="com.demoaut.newtours.testcases.MainPageTest">
    <failure type="org.openqa.selenium.ElementClickInterceptedException" message="element click intercepted: Element &amp;lt;a href=&amp;quot;https://register.freecrm.com/register/&amp;quot; class=&amp;quot;btn btn-sm btn-white btn-icon btn-icon-left btn-shadow btn-border btn-rect offset-sm-top-60 offset-top-30&amp;quot;&amp;gt;...&amp;lt;/a&amp;gt; is not clickable at point (951, 322). Other element would receive the click: &amp;lt;h1 class=&amp;quot;txt-white&amp;quot;&amp;gt;...&amp;lt;/h1&amp;gt;
  (Session info: chrome=81.0.4044.129)
Build info: version: &amp;apos;3.141.59&amp;apos;, revision: &amp;apos;e82be7d358&amp;apos;, time: &amp;apos;2018-11-14T08:17:03&amp;apos;
System info: host: &amp;apos;LAPTOP-43J61F2D&amp;apos;, ip: &amp;apos;192.168.43.108&amp;apos;, os.name: &amp;apos;Windows 10&amp;apos;, os.arch: &amp;apos;amd64&amp;apos;, os.version: &amp;apos;10.0&amp;apos;, java.version: &amp;apos;1.8.0_131&amp;apos;
Driver info: org.openqa.selenium.chrome.ChromeDriver
Capabilities {acceptInsecureCerts: false, browserName: chrome, browserVersion: 81.0.4044.129, chrome: {chromedriverVersion: 80.0.3987.106 (f68069574609..., userDataDir: C:\WINDOWS\TEMP\scoped_dir1...}, goog:chromeOptions: {debuggerAddress: localhost:55419}, javascriptEnabled: true, networkConnectionEnabled: false, pageLoadStrategy: normal, platform: WINDOWS, platformName: WINDOWS, proxy: Proxy(), setWindowRect: true, strictFileInteractability: false, timeouts: {implicit: 0, pageLoad: 300000, script: 30000}, unhandledPromptBehavior: dismiss and notify}
Session ID: f94710de49850f5524f2fdaa523c62e2">
      <![CDATA[org.openqa.selenium.ElementClickInterceptedException: element click intercepted: Element <a href="https://register.freecrm.com/register/" class="btn btn-sm btn-white btn-icon btn-icon-left btn-shadow btn-border btn-rect offset-sm-top-60 offset-top-30">...</a> is not clickable at point (951, 322). Other element would receive the click: <h1 class="txt-white">...</h1>
  (Session info: chrome=81.0.4044.129)
Build info: version: '3.141.59', revision: 'e82be7d358', time: '2018-11-14T08:17:03'
System info: host: 'LAPTOP-43J61F2D', ip: '192.168.43.108', os.name: 'Windows 10', os.arch: 'amd64', os.version: '10.0', java.version: '1.8.0_131'
Driver info: org.openqa.selenium.chrome.ChromeDriver
Capabilities {acceptInsecureCerts: false, browserName: chrome, browserVersion: 81.0.4044.129, chrome: {chromedriverVersion: 80.0.3987.106 (f68069574609..., userDataDir: C:\WINDOWS\TEMP\scoped_dir1...}, goog:chromeOptions: {debuggerAddress: localhost:55419}, javascriptEnabled: true, networkConnectionEnabled: false, pageLoadStrategy: normal, platform: WINDOWS, platformName: WINDOWS, proxy: Proxy(), setWindowRect: true, strictFileInteractability: false, timeouts: {implicit: 0, pageLoad: 300000, script: 30000}, unhandledPromptBehavior: dismiss and notify}
Session ID: f94710de49850f5524f2fdaa523c62e2
at org.openqa.selenium.remote.http.W3CHttpResponseCodec.createException(W3CHttpResponseCodec.java:187)
at org.openqa.selenium.remote.http.W3CHttpResponseCodec.decode(W3CHttpResponseCodec.java:122)
at org.openqa.selenium.remote.http.W3CHttpResponseCodec.decode(W3CHttpResponseCodec.java:49)
at org.openqa.selenium.remote.HttpCommandExecutor.execute(HttpCommandExecutor.java:158)
at org.openqa.selenium.remote.service.DriverCommandExecutor.execute(DriverCommandExecutor.java:83)
at org.openqa.selenium.remote.RemoteWebDriver.execute(RemoteWebDriver.java:552)
at org.openqa.selenium.remote.RemoteWebElement.execute(RemoteWebElement.java:285)
at org.openqa.selenium.remote.RemoteWebElement.click(RemoteWebElement.java:84)
at org.openqa.selenium.support.pagefactory.internal.LocatingElementHandler.invoke(LocatingElementHandler.java:51)
at com.sun.proxy.$Proxy12.click(Unknown Source)
at com.demoaut.newtours.pages.MainPage.clickon_signUpBtn(MainPage.java:52)
at com.demoaut.newtours.testcases.MainPageTest.signupTest(MainPageTest.java:49)
at java.util.ArrayList.forEach(ArrayList.java:1249)
... Removed 35 stack frames]]>
    </failure>
  </testcase> <!-- signupTest -->
</testsuite> <!-- Test -->
